<?xml version="1.0" encoding="UTF-8"?>
<!-- Generated by org.testng.reporters.JUnitXMLReporter -->
<testsuite ignored="2" hostname="Gireesh-miBook" failures="0" tests="1" name="Default test" time="22.126" errors="0" timestamp="2025-12-03T19:51:46 IST">
  <testcase classname="com.Delivery.testCases.TC_LoginPage_01" name="LoginTest" time="5.619"/>
  <testcase classname="com.Delivery.testCases.TC_LoginPage_01" name="Test3" time="0.0">
    <ignored/>
  </testcase> <!-- Test3 -->
  <testcase classname="com.Delivery.testCases.TC_LoginPage_01" name="Test2" time="0.0">
    <ignored/>
  </testcase> <!-- Test2 -->
</testsuite> <!-- Default test -->
