<?xml version="1.0" encoding="UTF-8"?>
<!-- Generated by org.testng.reporters.JUnitXMLReporter -->
<testsuite ignored="0" hostname="Gireesh-miBook" failures="0" tests="5" name="Default test" time="16.19" errors="0" timestamp="2026-04-11T15:52:02 IST">
  <testcase classname="com.Delivery.testCases.TC_LoginPage_01" name="LoginTest" time="5.58"/>
  <testcase classname="com.Delivery.testCases.TC_LoginPage_01" name="Test2" time="0.006"/>
  <testcase classname="com.Delivery.testCases.TC_LoginPage_01" name="Test3" time="0.002"/>
  <testcase classname="com.Delivery.testCases.TC_LoginPage_01" name="Test4" time="0.004"/>
  <testcase classname="com.Delivery.testCases.TC_LoginPage_01" name="Test5" time="0.0"/>
</testsuite> <!-- Default test -->
