<?xml version="1.0" encoding="UTF-8"?>
<!-- Generated by org.testng.reporters.JUnitXMLReporter -->
<testsuite ignored="0" hostname="Gireesh-miBook" failures="1" tests="4" name="Test" time="18.271" errors="0" timestamp="2025-11-05T00:17:58 IST">
  <testcase classname="com.Delivery.testCases.TC_LoginPage_01" name="LoginTest" time="5.648"/>
  <testcase classname="com.Delivery.testCases.TC_LoginPage_01" name="Test2" time="0.0"/>
  <testcase classname="com.Delivery.testCases.TC_LoginPage_01" name="Test3" time="0.004"/>
  <testcase classname="com.Delivery.testCases.TC_LoginPageDDT_02" name="LoginDDT" time="0.0">
    <failure type="java.lang.RuntimeException" message="java.lang.NoSuchFieldError: INSTANCE">
      <![CDATA[java.lang.RuntimeException: java.lang.NoSuchFieldError: INSTANCE
at java.base/java.util.ArrayList.forEach(ArrayList.java:1511)
Caused by: java.lang.NoSuchFieldError: INSTANCE
at org.apache.logging.log4j.core.LoggerContext.<clinit>(LoggerContext.java:107)
at org.apache.logging.log4j.core.selector.ClassLoaderContextSelector.createContext(ClassLoaderContextSelector.java:265)
at org.apache.logging.log4j.core.selector.ClassLoaderContextSelector.locateContext(ClassLoaderContextSelector.java:224)
at org.apache.logging.log4j.core.selector.ClassLoaderContextSelector.getContext(ClassLoaderContextSelector.java:142)
at org.apache.logging.log4j.core.selector.ClassLoaderContextSelector.getContext(ClassLoaderContextSelector.java:125)
at org.apache.logging.log4j.core.selector.ClassLoaderContextSelector.getContext(ClassLoaderContextSelector.java:119)
at org.apache.logging.log4j.core.impl.Log4jContextFactory.getContext(Log4jContextFactory.java:148)
at org.apache.logging.log4j.core.impl.Log4jContextFactory.getContext(Log4jContextFactory.java:46)
at org.apache.logging.log4j.LogManager.getContext(LogManager.java:197)
at org.apache.logging.log4j.LogManager.getLogger(LogManager.java:611)
at org.apache.poi.ooxml.POIXMLDocumentPart.<clinit>(POIXMLDocumentPart.java:56)
at com.Delivery.utilities.XLUtils.getRowCount(XLUtils.java:24)
at com.Delivery.testCases.TC_LoginPageDDT_02.getData(TC_LoginPageDDT_02.java:32)
... 25 more
... Removed 32 stack frames]]>
    </failure>
  </testcase> <!-- LoginDDT -->
</testsuite> <!-- Test -->
