<?xml version="1.0" encoding="UTF-8"?>
<!-- Generated by org.testng.reporters.JUnitXMLReporter -->
<testsuite ignored="0" hostname="Gireesh-miBook" failures="1" tests="3" name="Test" time="17.329" errors="0" timestamp="2025-01-17T19:02:50 IST">
  <testcase classname="com.Delivery.testCases.TC_LoginPage_01" name="LoginTest" time="10.07"/>
  <testcase classname="com.Delivery.testCases.TC_LoginPage_01" name="Test2" time="0.017">
    <failure type="java.lang.AssertionError" message="expected [false] but found [true]">
      <![CDATA[java.lang.AssertionError: expected [false] but found [true]
at com.Delivery.testCases.TC_LoginPage_01.Test2(TC_LoginPage_01.java:47)
at java.base/java.util.ArrayList.forEach(ArrayList.java:1511)
... Removed 31 stack frames]]>
    </failure>
  </testcase> <!-- Test2 -->
  <testcase classname="com.Delivery.testCases.TC_LoginPage_01" name="Test3" time="0.003"/>
</testsuite> <!-- Test -->
