<?xml version="1.0" encoding="UTF-8"?>
<!-- Generated by org.testng.reporters.JUnitXMLReporter -->
<testsuite ignored="0" hostname="Gireesh-miBook" failures="0" tests="5" name="Test" time="14.897" errors="0" timestamp="2026-02-15T00:39:05 IST">
  <testcase classname="com.Delivery.testCases.TC_LoginPage_01" name="LoginTest" time="5.645"/>
  <testcase classname="com.Delivery.testCases.TC_LoginPage_01" name="Test2" time="0.0"/>
  <testcase classname="com.Delivery.testCases.TC_LoginPage_01" name="Test3" time="0.002"/>
  <testcase classname="com.Delivery.testCases.TC_LoginPage_01" name="Test4" time="0.002"/>
  <testcase classname="com.Delivery.testCases.TC_LoginPage_01" name="Test5" time="0.0"/>
</testsuite> <!-- Test -->
