<?xml version="1.0" encoding="UTF-8"?>
<testng-results ignored="0" total="5" passed="5" failed="0" skipped="0">
  <reporter-output>
  </reporter-output>
  <suite started-at="2026-04-12T07:24:36 IST" name="Suite" finished-at="2026-04-12T07:24:49 IST" duration-ms="12800">
    <groups>
    </groups>
    <test started-at="2026-04-12T07:24:36 IST" name="Test" finished-at="2026-04-12T07:24:49 IST" duration-ms="12800">
      <class name="com.Delivery.testCases.TC_LoginPage_01">
        <test-method is-config="true" signature="setup(java.lang.String)[pri:0, instance:com.Delivery.testCases.TC_LoginPage_01@74235045]" started-at="2026-04-12T07:24:37 IST" name="setup" finished-at="2026-04-12T07:24:43 IST" duration-ms="6224" status="PASS">
          <params>
            <param index="0">
              <value>
                <![CDATA[chrome]]>
              </value>
            </param>
          </params>
          <reporter-output>
          </reporter-output>
        </test-method> <!-- setup -->
        <test-method signature="LoginTest()[pri:0, instance:com.Delivery.testCases.TC_LoginPage_01@74235045]" started-at="2026-04-12T07:24:43 IST" name="LoginTest" finished-at="2026-04-12T07:24:49 IST" duration-ms="5660" status="PASS">
          <reporter-output>
          </reporter-output>
        </test-method> <!-- LoginTest -->
        <test-method signature="Test2()[pri:0, instance:com.Delivery.testCases.TC_LoginPage_01@74235045]" started-at="2026-04-12T07:24:49 IST" name="Test2" finished-at="2026-04-12T07:24:49 IST" duration-ms="3" status="PASS">
          <reporter-output>
          </reporter-output>
        </test-method> <!-- Test2 -->
        <test-method signature="Test3()[pri:0, instance:com.Delivery.testCases.TC_LoginPage_01@74235045]" started-at="2026-04-12T07:24:49 IST" name="Test3" finished-at="2026-04-12T07:24:49 IST" duration-ms="3" status="PASS">
          <reporter-output>
          </reporter-output>
        </test-method> <!-- Test3 -->
        <test-method signature="Test4()[pri:0, instance:com.Delivery.testCases.TC_LoginPage_01@74235045]" started-at="2026-04-12T07:24:49 IST" name="Test4" finished-at="2026-04-12T07:24:49 IST" duration-ms="1" status="PASS">
          <reporter-output>
          </reporter-output>
        </test-method> <!-- Test4 -->
        <test-method signature="Test5()[pri:0, instance:com.Delivery.testCases.TC_LoginPage_01@74235045]" started-at="2026-04-12T07:24:49 IST" name="Test5" finished-at="2026-04-12T07:24:49 IST" duration-ms="3" status="PASS">
          <reporter-output>
          </reporter-output>
        </test-method> <!-- Test5 -->
        <test-method is-config="true" signature="teardown()[pri:0, instance:com.Delivery.testCases.TC_LoginPage_01@74235045]" started-at="2026-04-12T07:24:49 IST" name="teardown" finished-at="2026-04-12T07:24:49 IST" duration-ms="301" status="PASS">
          <reporter-output>
          </reporter-output>
        </test-method> <!-- teardown -->
      </class> <!-- com.Delivery.testCases.TC_LoginPage_01 -->
    </test> <!-- Test -->
  </suite> <!-- Suite -->
</testng-results>
