<?xml version="1.0" encoding="UTF-8"?>
<!-- Generated by org.testng.reporters.JUnitReportReporter -->
<testsuite hostname="Gireesh-miBook" failures="0" tests="5" name="com.Delivery.testCases.TC_LoginPage_01" time="5.649" errors="0" timestamp="2026-02-15T00:39:06 IST" skipped="0">
  <testcase classname="com.Delivery.testCases.TC_LoginPage_01" name="LoginTest" time="5.645"/>
  <system-out/>
  <testcase classname="com.Delivery.testCases.TC_LoginPage_01" name="Test2" time="0.000"/>
  <system-out/>
  <testcase classname="com.Delivery.testCases.TC_LoginPage_01" name="Test3" time="0.002"/>
  <system-out/>
  <testcase classname="com.Delivery.testCases.TC_LoginPage_01" name="Test5" time="0.000"/>
  <system-out/>
  <testcase classname="com.Delivery.testCases.TC_LoginPage_01" name="Test4" time="0.002"/>
  <system-out/>
</testsuite> <!-- com.Delivery.testCases.TC_LoginPage_01 -->
