<?xml version="1.0" encoding="UTF-8"?>
<!-- Generated by org.testng.reporters.JUnitReportReporter -->
<testsuite hostname="Gireesh-miBook" failures="0" tests="5" name="com.Delivery.testCases.TC_LoginPage_01" time="5.908" errors="0" timestamp="2026-04-11T17:01:00 IST" skipped="0">
  <testcase classname="com.Delivery.testCases.TC_LoginPage_01" name="LoginTest" time="5.887"/>
  <system-out/>
  <testcase classname="com.Delivery.testCases.TC_LoginPage_01" name="Test2" time="0.016"/>
  <system-out/>
  <testcase classname="com.Delivery.testCases.TC_LoginPage_01" name="Test3" time="0.005"/>
  <system-out/>
  <testcase classname="com.Delivery.testCases.TC_LoginPage_01" name="Test4" time="0.000"/>
  <system-out/>
  <testcase classname="com.Delivery.testCases.TC_LoginPage_01" name="Test5" time="0.000"/>
  <system-out/>
</testsuite> <!-- com.Delivery.testCases.TC_LoginPage_01 -->
